<?xml version="1.0" encoding="UTF-8"?>
<!-- Generated by org.testng.reporters.JUnitReportReporter -->
<testsuite hostname="PRABH" failures="0" tests="3" name="testLayer.SignInTest" time="21.124" errors="0" timestamp="2022-11-02T12:50:52 EDT" skipped="0">
  <testcase classname="testLayer.SignInTest" name="Title" time="4.154"/>
  <system-out/>
  <testcase classname="testLayer.SignInTest" name="login" time="9.965"/>
  <system-out/>
  <testcase classname="testLayer.SignInTest" name="verifylogo" time="7.005"/>
  <system-out/>
</testsuite> <!-- testLayer.SignInTest -->
